  Scene.cpp
C:\Users\Ñoñi\Documents\GitHub\VJ-uwu-maxpain\2DGame\02-Bubble\02-Bubble\Scene.cpp(124,89): warning C4244: 'argumento': conversión de 'T' a 'const unsigned int'; posible pérdida de datos
          with
          [
              T=float
          ]
C:\Users\Ñoñi\Documents\GitHub\VJ-uwu-maxpain\2DGame\02-Bubble\02-Bubble\Scene.cpp(124,53): warning C4244: 'argumento': conversión de 'T' a 'const unsigned int'; posible pérdida de datos
          with
          [
              T=float
          ]
C:\Users\Ñoñi\Documents\GitHub\VJ-uwu-maxpain\2DGame\02-Bubble\02-Bubble\Scene.cpp(125,95): warning C4244: 'argumento': conversión de 'T' a 'const unsigned int'; posible pérdida de datos
          with
          [
              T=float
          ]
C:\Users\Ñoñi\Documents\GitHub\VJ-uwu-maxpain\2DGame\02-Bubble\02-Bubble\Scene.cpp(125,57): warning C4244: 'argumento': conversión de 'T' a 'const unsigned int'; posible pérdida de datos
          with
          [
              T=float
          ]
C:\Users\Ñoñi\Documents\GitHub\VJ-uwu-maxpain\2DGame\02-Bubble\02-Bubble\Scene.cpp(267,17): warning C4244: 'inicializando': conversión de 'float' a 'int'; posible pérdida de datos
C:\Users\Ñoñi\Documents\GitHub\VJ-uwu-maxpain\2DGame\02-Bubble\02-Bubble\Scene.cpp(281,17): warning C4244: 'inicializando': conversión de 'float' a 'int'; posible pérdida de datos
C:\Users\Ñoñi\Documents\GitHub\VJ-uwu-maxpain\2DGame\02-Bubble\02-Bubble\Scene.cpp(329,17): warning C4244: 'inicializando': conversión de 'float' a 'int'; posible pérdida de datos
C:\Users\Ñoñi\Documents\GitHub\VJ-uwu-maxpain\2DGame\02-Bubble\02-Bubble\Scene.cpp(335,28): warning C4244: 'argumento': conversión de 'float' a 'int'; posible pérdida de datos
C:\Users\Ñoñi\Documents\GitHub\VJ-uwu-maxpain\2DGame\02-Bubble\02-Bubble\Scene.cpp(339,30): warning C4244: 'argumento': conversión de 'float' a 'int'; posible pérdida de datos
C:\Users\Ñoñi\Documents\GitHub\VJ-uwu-maxpain\2DGame\02-Bubble\02-Bubble\Scene.cpp(373,13): warning C4244: 'inicializando': conversión de 'double' a 'float'; posible pérdida de datos
  loadingScreen.cpp
  Generando código...
SOIL.lib(image_DXT.obj) : warning LNK4099: no se encontró PDB '' con 'SOIL.lib(image_DXT.obj)' o en ''; se vinculará el objeto sin tener en cuenta información de depuración
SOIL.lib(image_helper.obj) : warning LNK4099: no se encontró PDB '' con 'SOIL.lib(image_helper.obj)' o en ''; se vinculará el objeto sin tener en cuenta información de depuración
SOIL.lib(SOIL.obj) : warning LNK4099: no se encontró PDB '' con 'SOIL.lib(SOIL.obj)' o en ''; se vinculará el objeto sin tener en cuenta información de depuración
SOIL.lib(stb_image_aug.obj) : warning LNK4099: no se encontró PDB '' con 'SOIL.lib(stb_image_aug.obj)' o en ''; se vinculará el objeto sin tener en cuenta información de depuración
  02-Bubble.vcxproj -> C:\Users\Ñoñi\Documents\GitHub\VJ-uwu-maxpain\2DGame\02-Bubble\Debug\02-Bubble.exe
