c:\users\mayol\desktop\$vj\lab\2dgame\02-bubble\02-bubble\debug\vc143.pdb
c:\users\mayol\desktop\$vj\lab\2dgame\02-bubble\02-bubble\debug\vc143.idb
c:\users\mayol\desktop\$vj\lab\2dgame\02-bubble\02-bubble\debug\tube.obj
c:\users\mayol\desktop\$vj\lab\2dgame\02-bubble\02-bubble\debug\tilemap.obj
c:\users\mayol\desktop\$vj\lab\2dgame\02-bubble\02-bubble\debug\texture.obj
c:\users\mayol\desktop\$vj\lab\2dgame\02-bubble\02-bubble\debug\sprite.obj
c:\users\mayol\desktop\$vj\lab\2dgame\02-bubble\02-bubble\debug\soundcontroller.obj
c:\users\mayol\desktop\$vj\lab\2dgame\02-bubble\02-bubble\debug\shaderprogram.obj
c:\users\mayol\desktop\$vj\lab\2dgame\02-bubble\02-bubble\debug\shader.obj
c:\users\mayol\desktop\$vj\lab\2dgame\02-bubble\02-bubble\debug\scene.obj
c:\users\mayol\desktop\$vj\lab\2dgame\02-bubble\02-bubble\debug\qmblock.obj
c:\users\mayol\desktop\$vj\lab\2dgame\02-bubble\02-bubble\debug\playerinterface.obj
c:\users\mayol\desktop\$vj\lab\2dgame\02-bubble\02-bubble\debug\player.obj
c:\users\mayol\desktop\$vj\lab\2dgame\02-bubble\02-bubble\debug\mainscreen.obj
c:\users\mayol\desktop\$vj\lab\2dgame\02-bubble\02-bubble\debug\main.obj
c:\users\mayol\desktop\$vj\lab\2dgame\02-bubble\02-bubble\debug\loadingscreen.obj
c:\users\mayol\desktop\$vj\lab\2dgame\02-bubble\02-bubble\debug\koopa.obj
c:\users\mayol\desktop\$vj\lab\2dgame\02-bubble\02-bubble\debug\goomba.obj
c:\users\mayol\desktop\$vj\lab\2dgame\02-bubble\02-bubble\debug\game.obj
c:\users\mayol\desktop\$vj\lab\2dgame\02-bubble\02-bubble\debug\flag.obj
c:\users\mayol\desktop\$vj\lab\2dgame\02-bubble\02-bubble\debug\entity.obj
c:\users\mayol\desktop\$vj\lab\2dgame\02-bubble\02-bubble\debug\brick.obj
c:\users\mayol\desktop\$vj\lab\2dgame\02-bubble\debug\02-bubble.exe
c:\users\mayol\desktop\$vj\lab\2dgame\02-bubble\02-bubble\debug\02-bubble.ilk
c:\users\mayol\desktop\$vj\lab\2dgame\02-bubble\debug\02-bubble.pdb
c:\users\mayol\desktop\$vj\lab\2dgame\02-bubble\02-bubble\debug\player.new.obj.enc
c:\users\mayol\desktop\$vj\lab\2dgame\02-bubble\02-bubble\debug\02-bubble.tlog\cl.command.1.tlog
c:\users\mayol\desktop\$vj\lab\2dgame\02-bubble\02-bubble\debug\02-bubble.tlog\cl.items.tlog
c:\users\mayol\desktop\$vj\lab\2dgame\02-bubble\02-bubble\debug\02-bubble.tlog\cl.read.1.tlog
c:\users\mayol\desktop\$vj\lab\2dgame\02-bubble\02-bubble\debug\02-bubble.tlog\cl.write.1.tlog
c:\users\mayol\desktop\$vj\lab\2dgame\02-bubble\02-bubble\debug\02-bubble.tlog\link.command.1.tlog
c:\users\mayol\desktop\$vj\lab\2dgame\02-bubble\02-bubble\debug\02-bubble.tlog\link.read.1.tlog
c:\users\mayol\desktop\$vj\lab\2dgame\02-bubble\02-bubble\debug\02-bubble.tlog\link.write.1.tlog
